This file contains any messages produced by compilers while
running configure, to aid debugging if configure makes a mistake.

It was created by CRC-DabMod configure 0.3.3, which was
generated by GNU Autoconf 2.65.  Invocation command line was

  $ ./configure --disable-debug --with-debug-malloc=yes --enable-fft-simd

## --------- ##
## Platform. ##
## --------- ##

hostname = sdr-test
uname -m = i686
uname -r = 3.2.0-39-generic-pae
uname -s = Linux
uname -v = #62-Ubuntu SMP Wed Feb 27 22:25:11 UTC 2013

/usr/bin/uname -p = unknown
/bin/uname -X     = unknown

/bin/arch              = unknown
/usr/bin/arch -k       = unknown
/usr/convex/getsysinfo = unknown
/usr/bin/hostinfo      = unknown
/bin/machine           = unknown
/usr/bin/oslevel       = unknown
/bin/universe          = unknown

PATH: /usr/lib/lightdm/lightdm
PATH: /usr/local/sbin
PATH: /usr/local/bin
PATH: /usr/sbin
PATH: /usr/bin
PATH: /sbin
PATH: /bin
PATH: /usr/games


## ----------- ##
## Core tests. ##
## ----------- ##

configure:2362: checking build system type
configure:2376: result: i686-pc-linux-gnu
configure:2396: checking host system type
configure:2409: result: i686-pc-linux-gnu
configure:2429: checking target system type
configure:2442: result: i686-pc-linux-gnu
configure:2485: checking for a BSD-compatible install
configure:2553: result: /usr/bin/install -c
configure:2564: checking whether build environment is sane
configure:2614: result: yes
configure:2755: checking for a thread-safe mkdir -p
configure:2794: result: /bin/mkdir -p
configure:2807: checking for gawk
configure:2837: result: no
configure:2807: checking for mawk
configure:2823: found /usr/bin/mawk
configure:2834: result: mawk
configure:2845: checking whether make sets $(MAKE)
configure:2867: result: yes
configure:3023: checking for g++
configure:3039: found /usr/bin/g++
configure:3050: result: g++
configure:3077: checking for C++ compiler version
configure:3086: g++ --version >&5
g++ (Ubuntu/Linaro 4.6.3-1ubuntu5) 4.6.3
Copyright (C) 2011 Free Software Foundation, Inc.
This is free software; see the source for copying conditions.  There is NO
warranty; not even for MERCHANTABILITY or FITNESS FOR A PARTICULAR PURPOSE.

configure:3097: $? = 0
configure:3086: g++ -v >&5
Using built-in specs.
COLLECT_GCC=g++
COLLECT_LTO_WRAPPER=/usr/lib/gcc/i686-linux-gnu/4.6/lto-wrapper
Target: i686-linux-gnu
Configured with: ../src/configure -v --with-pkgversion='Ubuntu/Linaro 4.6.3-1ubuntu5' --with-bugurl=file:///usr/share/doc/gcc-4.6/README.Bugs --enable-languages=c,c++,fortran,objc,obj-c++ --prefix=/usr --program-suffix=-4.6 --enable-shared --enable-linker-build-id --with-system-zlib --libexecdir=/usr/lib --without-included-gettext --enable-threads=posix --with-gxx-include-dir=/usr/include/c++/4.6 --libdir=/usr/lib --enable-nls --with-sysroot=/ --enable-clocale=gnu --enable-libstdcxx-debug --enable-libstdcxx-time=yes --enable-gnu-unique-object --enable-plugin --enable-objc-gc --enable-targets=all --disable-werror --with-arch-32=i686 --with-tune=generic --enable-checking=release --build=i686-linux-gnu --host=i686-linux-gnu --target=i686-linux-gnu
Thread model: posix
gcc version 4.6.3 (Ubuntu/Linaro 4.6.3-1ubuntu5) 
configure:3097: $? = 0
configure:3086: g++ -V >&5
g++: error: unrecognized option '-V'
g++: fatal error: no input files
compilation terminated.
configure:3097: $? = 4
configure:3086: g++ -qversion >&5
g++: error: unrecognized option '-qversion'
g++: fatal error: no input files
compilation terminated.
configure:3097: $? = 4
configure:3117: checking whether the C++ compiler works
configure:3139: g++    conftest.cpp  >&5
configure:3143: $? = 0
configure:3192: result: yes
configure:3195: checking for C++ compiler default output file name
configure:3197: result: a.out
configure:3203: checking for suffix of executables
configure:3210: g++ -o conftest    conftest.cpp  >&5
configure:3214: $? = 0
configure:3236: result: 
configure:3258: checking whether we are cross compiling
configure:3266: g++ -o conftest    conftest.cpp  >&5
configure:3270: $? = 0
configure:3277: ./conftest
configure:3281: $? = 0
configure:3296: result: no
configure:3301: checking for suffix of object files
configure:3323: g++ -c   conftest.cpp >&5
configure:3327: $? = 0
configure:3348: result: o
configure:3352: checking whether we are using the GNU C++ compiler
configure:3371: g++ -c   conftest.cpp >&5
configure:3371: $? = 0
configure:3380: result: yes
configure:3389: checking whether g++ accepts -g
configure:3409: g++ -c -g  conftest.cpp >&5
configure:3409: $? = 0
configure:3450: result: yes
configure:3484: checking for style of include used by make
configure:3512: result: GNU
configure:3537: checking dependency style of g++
configure:3647: result: gcc3
configure:3710: checking for gcc
configure:3726: found /usr/bin/gcc
configure:3737: result: gcc
configure:3966: checking for C compiler version
configure:3975: gcc --version >&5
gcc (Ubuntu/Linaro 4.6.3-1ubuntu5) 4.6.3
Copyright (C) 2011 Free Software Foundation, Inc.
This is free software; see the source for copying conditions.  There is NO
warranty; not even for MERCHANTABILITY or FITNESS FOR A PARTICULAR PURPOSE.

configure:3986: $? = 0
configure:3975: gcc -v >&5
Using built-in specs.
COLLECT_GCC=gcc
COLLECT_LTO_WRAPPER=/usr/lib/gcc/i686-linux-gnu/4.6/lto-wrapper
Target: i686-linux-gnu
Configured with: ../src/configure -v --with-pkgversion='Ubuntu/Linaro 4.6.3-1ubuntu5' --with-bugurl=file:///usr/share/doc/gcc-4.6/README.Bugs --enable-languages=c,c++,fortran,objc,obj-c++ --prefix=/usr --program-suffix=-4.6 --enable-shared --enable-linker-build-id --with-system-zlib --libexecdir=/usr/lib --without-included-gettext --enable-threads=posix --with-gxx-include-dir=/usr/include/c++/4.6 --libdir=/usr/lib --enable-nls --with-sysroot=/ --enable-clocale=gnu --enable-libstdcxx-debug --enable-libstdcxx-time=yes --enable-gnu-unique-object --enable-plugin --enable-objc-gc --enable-targets=all --disable-werror --with-arch-32=i686 --with-tune=generic --enable-checking=release --build=i686-linux-gnu --host=i686-linux-gnu --target=i686-linux-gnu
Thread model: posix
gcc version 4.6.3 (Ubuntu/Linaro 4.6.3-1ubuntu5) 
configure:3986: $? = 0
configure:3975: gcc -V >&5
gcc: error: unrecognized option '-V'
gcc: fatal error: no input files
compilation terminated.
configure:3986: $? = 4
configure:3975: gcc -qversion >&5
gcc: error: unrecognized option '-qversion'
gcc: fatal error: no input files
compilation terminated.
configure:3986: $? = 4
configure:3990: checking whether we are using the GNU C compiler
configure:4009: gcc -c   conftest.c >&5
configure:4009: $? = 0
configure:4018: result: yes
configure:4027: checking whether gcc accepts -g
configure:4047: gcc -c -g  conftest.c >&5
configure:4047: $? = 0
configure:4088: result: yes
configure:4105: checking for gcc option to accept ISO C89
configure:4169: gcc  -c -g -O2  conftest.c >&5
configure:4169: $? = 0
configure:4182: result: none needed
configure:4204: checking dependency style of gcc
configure:4314: result: gcc3
configure:4330: checking whether gcc and cc understand -c and -o together
configure:4361: gcc -c conftest.c -o conftest2.o >&5
configure:4365: $? = 0
configure:4371: gcc -c conftest.c -o conftest2.o >&5
configure:4375: $? = 0
configure:4386: cc -c conftest.c >&5
configure:4390: $? = 0
configure:4398: cc -c conftest.c -o conftest2.o >&5
configure:4402: $? = 0
configure:4408: cc -c conftest.c -o conftest2.o >&5
configure:4412: $? = 0
configure:4430: result: yes
configure:4461: checking how to run the C preprocessor
configure:4492: gcc -E  conftest.c
configure:4492: $? = 0
configure:4506: gcc -E  conftest.c
conftest.c:12:28: fatal error: ac_nonexistent.h: No such file or directory
compilation terminated.
configure:4506: $? = 1
configure: failed program was:
| /* confdefs.h */
| #define PACKAGE_NAME "CRC-DabMod"
| #define PACKAGE_TARNAME "crc-dabmod"
| #define PACKAGE_VERSION "0.3.3"
| #define PACKAGE_STRING "CRC-DabMod 0.3.3"
| #define PACKAGE_BUGREPORT "pascal.charest@crc.ca"
| #define PACKAGE_URL ""
| #define PACKAGE "crc-dabmod"
| #define VERSION "0.3.3"
| #define __32BIT__ /**/
| /* end confdefs.h.  */
| #include <ac_nonexistent.h>
configure:4531: result: gcc -E
configure:4551: gcc -E  conftest.c
configure:4551: $? = 0
configure:4565: gcc -E  conftest.c
conftest.c:12:28: fatal error: ac_nonexistent.h: No such file or directory
compilation terminated.
configure:4565: $? = 1
configure: failed program was:
| /* confdefs.h */
| #define PACKAGE_NAME "CRC-DabMod"
| #define PACKAGE_TARNAME "crc-dabmod"
| #define PACKAGE_VERSION "0.3.3"
| #define PACKAGE_STRING "CRC-DabMod 0.3.3"
| #define PACKAGE_BUGREPORT "pascal.charest@crc.ca"
| #define PACKAGE_URL ""
| #define PACKAGE "crc-dabmod"
| #define VERSION "0.3.3"
| #define __32BIT__ /**/
| /* end confdefs.h.  */
| #include <ac_nonexistent.h>
configure:4805: checking for grep that handles long lines and -e
configure:4863: result: /bin/grep
configure:4868: checking for egrep
configure:4930: result: /bin/grep -E
configure:4935: checking for ANSI C header files
configure:4955: gcc -c -O2   -DNDEBUG -DUSE_SIMD  conftest.c >&5
configure:4955: $? = 0
configure:5028: gcc -o conftest -O2   -DNDEBUG -DUSE_SIMD   conftest.c  >&5
configure:5028: $? = 0
configure:5028: ./conftest
configure:5028: $? = 0
configure:5039: result: yes
configure:5052: checking for sys/types.h
configure:5052: gcc -c -O2   -DNDEBUG -DUSE_SIMD  conftest.c >&5
configure:5052: $? = 0
configure:5052: result: yes
configure:5052: checking for sys/stat.h
configure:5052: gcc -c -O2   -DNDEBUG -DUSE_SIMD  conftest.c >&5
configure:5052: $? = 0
configure:5052: result: yes
configure:5052: checking for stdlib.h
configure:5052: gcc -c -O2   -DNDEBUG -DUSE_SIMD  conftest.c >&5
configure:5052: $? = 0
configure:5052: result: yes
configure:5052: checking for string.h
configure:5052: gcc -c -O2   -DNDEBUG -DUSE_SIMD  conftest.c >&5
configure:5052: $? = 0
configure:5052: result: yes
configure:5052: checking for memory.h
configure:5052: gcc -c -O2   -DNDEBUG -DUSE_SIMD  conftest.c >&5
configure:5052: $? = 0
configure:5052: result: yes
configure:5052: checking for strings.h
configure:5052: gcc -c -O2   -DNDEBUG -DUSE_SIMD  conftest.c >&5
configure:5052: $? = 0
configure:5052: result: yes
configure:5052: checking for inttypes.h
configure:5052: gcc -c -O2   -DNDEBUG -DUSE_SIMD  conftest.c >&5
configure:5052: $? = 0
configure:5052: result: yes
configure:5052: checking for stdint.h
configure:5052: gcc -c -O2   -DNDEBUG -DUSE_SIMD  conftest.c >&5
configure:5052: $? = 0
configure:5052: result: yes
configure:5052: checking for unistd.h
configure:5052: gcc -c -O2   -DNDEBUG -DUSE_SIMD  conftest.c >&5
configure:5052: $? = 0
configure:5052: result: yes
configure:5068: checking fcntl.h usability
configure:5068: gcc -c -O2   -DNDEBUG -DUSE_SIMD  conftest.c >&5
configure:5068: $? = 0
configure:5068: result: yes
configure:5068: checking fcntl.h presence
configure:5068: gcc -E  conftest.c
configure:5068: $? = 0
configure:5068: result: yes
configure:5068: checking for fcntl.h
configure:5068: result: yes
configure:5068: checking limits.h usability
configure:5068: gcc -c -O2   -DNDEBUG -DUSE_SIMD  conftest.c >&5
configure:5068: $? = 0
configure:5068: result: yes
configure:5068: checking limits.h presence
configure:5068: gcc -E  conftest.c
configure:5068: $? = 0
configure:5068: result: yes
configure:5068: checking for limits.h
configure:5068: result: yes
configure:5068: checking malloc.h usability
configure:5068: gcc -c -O2   -DNDEBUG -DUSE_SIMD  conftest.c >&5
configure:5068: $? = 0
configure:5068: result: yes
configure:5068: checking malloc.h presence
configure:5068: gcc -E  conftest.c
configure:5068: $? = 0
configure:5068: result: yes
configure:5068: checking for malloc.h
configure:5068: result: yes
configure:5068: checking for memory.h
configure:5068: result: yes
configure:5068: checking netinet/in.h usability
configure:5068: gcc -c -O2   -DNDEBUG -DUSE_SIMD  conftest.c >&5
configure:5068: $? = 0
configure:5068: result: yes
configure:5068: checking netinet/in.h presence
configure:5068: gcc -E  conftest.c
configure:5068: $? = 0
configure:5068: result: yes
configure:5068: checking for netinet/in.h
configure:5068: result: yes
configure:5068: checking for stdint.h
configure:5068: result: yes
configure:5068: checking for stdlib.h
configure:5068: result: yes
configure:5068: checking for string.h
configure:5068: result: yes
configure:5068: checking sys/time.h usability
configure:5068: gcc -c -O2   -DNDEBUG -DUSE_SIMD  conftest.c >&5
configure:5068: $? = 0
configure:5068: result: yes
configure:5068: checking sys/time.h presence
configure:5068: gcc -E  conftest.c
configure:5068: $? = 0
configure:5068: result: yes
configure:5068: checking for sys/time.h
configure:5068: result: yes
configure:5068: checking sys/timeb.h usability
configure:5068: gcc -c -O2   -DNDEBUG -DUSE_SIMD  conftest.c >&5
configure:5068: $? = 0
configure:5068: result: yes
configure:5068: checking sys/timeb.h presence
configure:5068: gcc -E  conftest.c
configure:5068: $? = 0
configure:5068: result: yes
configure:5068: checking for sys/timeb.h
configure:5068: result: yes
configure:5068: checking for unistd.h
configure:5068: result: yes
configure:5079: checking whether _mm_malloc is declared
configure:5079: gcc -c -O2   -DNDEBUG -DUSE_SIMD  conftest.c >&5
configure:5079: $? = 0
configure:5079: result: yes
configure:5091: checking for ANSI C header files
configure:5195: result: yes
configure:5205: checking for stdbool.h that conforms to C99
configure:5290: gcc -c -O2   -DNDEBUG -DUSE_SIMD  conftest.c >&5
configure:5290: $? = 0
configure:5297: result: yes
configure:5299: checking for _Bool
configure:5299: gcc -c -O2   -DNDEBUG -DUSE_SIMD  conftest.c >&5
configure:5299: $? = 0
configure:5299: gcc -c -O2   -DNDEBUG -DUSE_SIMD  conftest.c >&5
conftest.c: In function 'main':
conftest.c:71:20: error: expected expression before ')' token
configure:5299: $? = 1
configure: failed program was:
| /* confdefs.h */
| #define PACKAGE_NAME "CRC-DabMod"
| #define PACKAGE_TARNAME "crc-dabmod"
| #define PACKAGE_VERSION "0.3.3"
| #define PACKAGE_STRING "CRC-DabMod 0.3.3"
| #define PACKAGE_BUGREPORT "pascal.charest@crc.ca"
| #define PACKAGE_URL ""
| #define PACKAGE "crc-dabmod"
| #define VERSION "0.3.3"
| #define __32BIT__ /**/
| #define STDC_HEADERS 1
| #define HAVE_SYS_TYPES_H 1
| #define HAVE_SYS_STAT_H 1
| #define HAVE_STDLIB_H 1
| #define HAVE_STRING_H 1
| #define HAVE_MEMORY_H 1
| #define HAVE_STRINGS_H 1
| #define HAVE_INTTYPES_H 1
| #define HAVE_STDINT_H 1
| #define HAVE_UNISTD_H 1
| #define HAVE_FCNTL_H 1
| #define HAVE_LIMITS_H 1
| #define HAVE_MALLOC_H 1
| #define HAVE_MEMORY_H 1
| #define HAVE_NETINET_IN_H 1
| #define HAVE_STDINT_H 1
| #define HAVE_STDLIB_H 1
| #define HAVE_STRING_H 1
| #define HAVE_SYS_TIME_H 1
| #define HAVE_SYS_TIMEB_H 1
| #define HAVE_UNISTD_H 1
| #define HAVE_DECL__MM_MALLOC 1
| #define STDC_HEADERS 1
| /* end confdefs.h.  */
| #include <stdio.h>
| #ifdef HAVE_SYS_TYPES_H
| # include <sys/types.h>
| #endif
| #ifdef HAVE_SYS_STAT_H
| # include <sys/stat.h>
| #endif
| #ifdef STDC_HEADERS
| # include <stdlib.h>
| # include <stddef.h>
| #else
| # ifdef HAVE_STDLIB_H
| #  include <stdlib.h>
| # endif
| #endif
| #ifdef HAVE_STRING_H
| # if !defined STDC_HEADERS && defined HAVE_MEMORY_H
| #  include <memory.h>
| # endif
| # include <string.h>
| #endif
| #ifdef HAVE_STRINGS_H
| # include <strings.h>
| #endif
| #ifdef HAVE_INTTYPES_H
| # include <inttypes.h>
| #endif
| #ifdef HAVE_STDINT_H
| # include <stdint.h>
| #endif
| #ifdef HAVE_UNISTD_H
| # include <unistd.h>
| #endif
| int
| main ()
| {
| if (sizeof ((_Bool)))
| 	    return 0;
|   ;
|   return 0;
| }
configure:5299: result: yes
configure:5315: checking for an ANSI C-conforming const
configure:5380: gcc -c -O2   -DNDEBUG -DUSE_SIMD  conftest.c >&5
configure:5380: $? = 0
configure:5387: result: yes
configure:5395: checking for inline
configure:5411: gcc -c -O2   -DNDEBUG -DUSE_SIMD  conftest.c >&5
configure:5411: $? = 0
configure:5419: result: inline
configure:5437: checking for size_t
configure:5437: gcc -c -O2   -DNDEBUG -DUSE_SIMD  conftest.c >&5
configure:5437: $? = 0
configure:5437: gcc -c -O2   -DNDEBUG -DUSE_SIMD  conftest.c >&5
conftest.c: In function 'main':
conftest.c:73:21: error: expected expression before ')' token
configure:5437: $? = 1
configure: failed program was:
| /* confdefs.h */
| #define PACKAGE_NAME "CRC-DabMod"
| #define PACKAGE_TARNAME "crc-dabmod"
| #define PACKAGE_VERSION "0.3.3"
| #define PACKAGE_STRING "CRC-DabMod 0.3.3"
| #define PACKAGE_BUGREPORT "pascal.charest@crc.ca"
| #define PACKAGE_URL ""
| #define PACKAGE "crc-dabmod"
| #define VERSION "0.3.3"
| #define __32BIT__ /**/
| #define STDC_HEADERS 1
| #define HAVE_SYS_TYPES_H 1
| #define HAVE_SYS_STAT_H 1
| #define HAVE_STDLIB_H 1
| #define HAVE_STRING_H 1
| #define HAVE_MEMORY_H 1
| #define HAVE_STRINGS_H 1
| #define HAVE_INTTYPES_H 1
| #define HAVE_STDINT_H 1
| #define HAVE_UNISTD_H 1
| #define HAVE_FCNTL_H 1
| #define HAVE_LIMITS_H 1
| #define HAVE_MALLOC_H 1
| #define HAVE_MEMORY_H 1
| #define HAVE_NETINET_IN_H 1
| #define HAVE_STDINT_H 1
| #define HAVE_STDLIB_H 1
| #define HAVE_STRING_H 1
| #define HAVE_SYS_TIME_H 1
| #define HAVE_SYS_TIMEB_H 1
| #define HAVE_UNISTD_H 1
| #define HAVE_DECL__MM_MALLOC 1
| #define STDC_HEADERS 1
| #define HAVE__BOOL 1
| #define HAVE_STDBOOL_H 1
| /* end confdefs.h.  */
| #include <stdio.h>
| #ifdef HAVE_SYS_TYPES_H
| # include <sys/types.h>
| #endif
| #ifdef HAVE_SYS_STAT_H
| # include <sys/stat.h>
| #endif
| #ifdef STDC_HEADERS
| # include <stdlib.h>
| # include <stddef.h>
| #else
| # ifdef HAVE_STDLIB_H
| #  include <stdlib.h>
| # endif
| #endif
| #ifdef HAVE_STRING_H
| # if !defined STDC_HEADERS && defined HAVE_MEMORY_H
| #  include <memory.h>
| # endif
| # include <string.h>
| #endif
| #ifdef HAVE_STRINGS_H
| # include <strings.h>
| #endif
| #ifdef HAVE_INTTYPES_H
| # include <inttypes.h>
| #endif
| #ifdef HAVE_STDINT_H
| # include <stdint.h>
| #endif
| #ifdef HAVE_UNISTD_H
| # include <unistd.h>
| #endif
| int
| main ()
| {
| if (sizeof ((size_t)))
| 	    return 0;
|   ;
|   return 0;
| }
configure:5437: result: yes
configure:5448: checking whether time.h and sys/time.h may both be included
configure:5468: gcc -c -O2   -DNDEBUG -DUSE_SIMD  conftest.c >&5
configure:5468: $? = 0
configure:5475: result: yes
configure:5483: checking for uint16_t
configure:5483: gcc -c -O2   -DNDEBUG -DUSE_SIMD  conftest.c >&5
configure:5483: $? = 0
configure:5483: result: yes
configure:5495: checking for uint32_t
configure:5495: gcc -c -O2   -DNDEBUG -DUSE_SIMD  conftest.c >&5
configure:5495: $? = 0
configure:5495: result: yes
configure:5509: checking for uint8_t
configure:5509: gcc -c -O2   -DNDEBUG -DUSE_SIMD  conftest.c >&5
configure:5509: $? = 0
configure:5509: result: yes
configure:5523: checking whether time.h and sys/time.h may both be included
configure:5550: result: yes
configure:5558: checking for M_PIl
configure:5578: g++ -c -O2   -DNDEBUG -DUSE_SIMD  conftest.cpp >&5
configure:5578: $? = 0
configure:5579: result: yes
configure:5598: checking for working memcmp
configure:5641: gcc -o conftest -O2   -DNDEBUG -DUSE_SIMD   conftest.c  >&5
configure:5641: $? = 0
configure:5641: ./conftest
configure:5641: $? = 0
configure:5651: result: yes
configure:5662: checking for stdlib.h
configure:5662: result: yes
configure:5672: checking for GNU libc compatible realloc
configure:5696: gcc -o conftest -O2   -DNDEBUG -DUSE_SIMD   conftest.c  >&5
configure:5696: $? = 0
configure:5696: ./conftest
configure:5696: $? = 0
configure:5706: result: yes
configure:5727: checking return type of signal handlers
configure:5745: gcc -c -O2   -DNDEBUG -DUSE_SIMD  conftest.c >&5
conftest.c: In function 'main':
conftest.c:47:1: error: void value not ignored as it ought to be
configure:5745: $? = 1
configure: failed program was:
| /* confdefs.h */
| #define PACKAGE_NAME "CRC-DabMod"
| #define PACKAGE_TARNAME "crc-dabmod"
| #define PACKAGE_VERSION "0.3.3"
| #define PACKAGE_STRING "CRC-DabMod 0.3.3"
| #define PACKAGE_BUGREPORT "pascal.charest@crc.ca"
| #define PACKAGE_URL ""
| #define PACKAGE "crc-dabmod"
| #define VERSION "0.3.3"
| #define __32BIT__ /**/
| #define STDC_HEADERS 1
| #define HAVE_SYS_TYPES_H 1
| #define HAVE_SYS_STAT_H 1
| #define HAVE_STDLIB_H 1
| #define HAVE_STRING_H 1
| #define HAVE_MEMORY_H 1
| #define HAVE_STRINGS_H 1
| #define HAVE_INTTYPES_H 1
| #define HAVE_STDINT_H 1
| #define HAVE_UNISTD_H 1
| #define HAVE_FCNTL_H 1
| #define HAVE_LIMITS_H 1
| #define HAVE_MALLOC_H 1
| #define HAVE_MEMORY_H 1
| #define HAVE_NETINET_IN_H 1
| #define HAVE_STDINT_H 1
| #define HAVE_STDLIB_H 1
| #define HAVE_STRING_H 1
| #define HAVE_SYS_TIME_H 1
| #define HAVE_SYS_TIMEB_H 1
| #define HAVE_UNISTD_H 1
| #define HAVE_DECL__MM_MALLOC 1
| #define STDC_HEADERS 1
| #define HAVE__BOOL 1
| #define HAVE_STDBOOL_H 1
| #define TIME_WITH_SYS_TIME 1
| #define TIME_WITH_SYS_TIME 1
| #define HAVE_STDLIB_H 1
| #define HAVE_REALLOC 1
| /* end confdefs.h.  */
| #include <sys/types.h>
| #include <signal.h>
| 
| int
| main ()
| {
| return *(signal (0, 0)) (0) == 1;
|   ;
|   return 0;
| }
configure:5752: result: void
configure:5763: checking for bzero
configure:5763: gcc -o conftest -O2   -DNDEBUG -DUSE_SIMD   conftest.c  >&5
conftest.c:65:6: warning: conflicting types for built-in function 'bzero' [enabled by default]
configure:5763: $? = 0
configure:5763: result: yes
configure:5763: checking for floor
configure:5763: gcc -o conftest -O2   -DNDEBUG -DUSE_SIMD   conftest.c  >&5
conftest.c:66:6: warning: conflicting types for built-in function 'floor' [enabled by default]
/tmp/ccW6daH9.o: In function `main':
conftest.c:(.text.startup+0x7): undefined reference to `floor'
collect2: ld returned 1 exit status
configure:5763: $? = 1
configure: failed program was:
| /* confdefs.h */
| #define PACKAGE_NAME "CRC-DabMod"
| #define PACKAGE_TARNAME "crc-dabmod"
| #define PACKAGE_VERSION "0.3.3"
| #define PACKAGE_STRING "CRC-DabMod 0.3.3"
| #define PACKAGE_BUGREPORT "pascal.charest@crc.ca"
| #define PACKAGE_URL ""
| #define PACKAGE "crc-dabmod"
| #define VERSION "0.3.3"
| #define __32BIT__ /**/
| #define STDC_HEADERS 1
| #define HAVE_SYS_TYPES_H 1
| #define HAVE_SYS_STAT_H 1
| #define HAVE_STDLIB_H 1
| #define HAVE_STRING_H 1
| #define HAVE_MEMORY_H 1
| #define HAVE_STRINGS_H 1
| #define HAVE_INTTYPES_H 1
| #define HAVE_STDINT_H 1
| #define HAVE_UNISTD_H 1
| #define HAVE_FCNTL_H 1
| #define HAVE_LIMITS_H 1
| #define HAVE_MALLOC_H 1
| #define HAVE_MEMORY_H 1
| #define HAVE_NETINET_IN_H 1
| #define HAVE_STDINT_H 1
| #define HAVE_STDLIB_H 1
| #define HAVE_STRING_H 1
| #define HAVE_SYS_TIME_H 1
| #define HAVE_SYS_TIMEB_H 1
| #define HAVE_UNISTD_H 1
| #define HAVE_DECL__MM_MALLOC 1
| #define STDC_HEADERS 1
| #define HAVE__BOOL 1
| #define HAVE_STDBOOL_H 1
| #define TIME_WITH_SYS_TIME 1
| #define TIME_WITH_SYS_TIME 1
| #define HAVE_STDLIB_H 1
| #define HAVE_REALLOC 1
| #define RETSIGTYPE void
| #define HAVE_BZERO 1
| /* end confdefs.h.  */
| /* Define floor to an innocuous variant, in case <limits.h> declares floor.
|    For example, HP-UX 11i <limits.h> declares gettimeofday.  */
| #define floor innocuous_floor
| 
| /* System header to define __stub macros and hopefully few prototypes,
|     which can conflict with char floor (); below.
|     Prefer <limits.h> to <assert.h> if __STDC__ is defined, since
|     <limits.h> exists even on freestanding compilers.  */
| 
| #ifdef __STDC__
| # include <limits.h>
| #else
| # include <assert.h>
| #endif
| 
| #undef floor
| 
| /* Override any GCC internal prototype to avoid an error.
|    Use char because int might match the return type of a GCC
|    builtin and then its argument prototype would still apply.  */
| #ifdef __cplusplus
| extern "C"
| #endif
| char floor ();
| /* The GNU C library defines this for functions which it implements
|     to always fail with ENOSYS.  Some functions are actually named
|     something starting with __ and the normal name is an alias.  */
| #if defined __stub_floor || defined __stub___floor
| choke me
| #endif
| 
| int
| main ()
| {
| return floor ();
|   ;
|   return 0;
| }
configure:5763: result: no
configure:5763: checking for ftime
configure:5763: gcc -o conftest -O2   -DNDEBUG -DUSE_SIMD   conftest.c  >&5
configure:5763: $? = 0
configure:5763: result: yes
configure:5763: checking for gettimeofday
configure:5763: gcc -o conftest -O2   -DNDEBUG -DUSE_SIMD   conftest.c  >&5
configure:5763: $? = 0
configure:5763: result: yes
configure:5763: checking for memset
configure:5763: gcc -o conftest -O2   -DNDEBUG -DUSE_SIMD   conftest.c  >&5
conftest.c:68:6: warning: conflicting types for built-in function 'memset' [enabled by default]
configure:5763: $? = 0
configure:5763: result: yes
configure:5763: checking for sqrt
configure:5763: gcc -o conftest -O2   -DNDEBUG -DUSE_SIMD   conftest.c  >&5
conftest.c:69:6: warning: conflicting types for built-in function 'sqrt' [enabled by default]
/tmp/ccrOJWMm.o: In function `main':
conftest.c:(.text.startup+0x7): undefined reference to `sqrt'
collect2: ld returned 1 exit status
configure:5763: $? = 1
configure: failed program was:
| /* confdefs.h */
| #define PACKAGE_NAME "CRC-DabMod"
| #define PACKAGE_TARNAME "crc-dabmod"
| #define PACKAGE_VERSION "0.3.3"
| #define PACKAGE_STRING "CRC-DabMod 0.3.3"
| #define PACKAGE_BUGREPORT "pascal.charest@crc.ca"
| #define PACKAGE_URL ""
| #define PACKAGE "crc-dabmod"
| #define VERSION "0.3.3"
| #define __32BIT__ /**/
| #define STDC_HEADERS 1
| #define HAVE_SYS_TYPES_H 1
| #define HAVE_SYS_STAT_H 1
| #define HAVE_STDLIB_H 1
| #define HAVE_STRING_H 1
| #define HAVE_MEMORY_H 1
| #define HAVE_STRINGS_H 1
| #define HAVE_INTTYPES_H 1
| #define HAVE_STDINT_H 1
| #define HAVE_UNISTD_H 1
| #define HAVE_FCNTL_H 1
| #define HAVE_LIMITS_H 1
| #define HAVE_MALLOC_H 1
| #define HAVE_MEMORY_H 1
| #define HAVE_NETINET_IN_H 1
| #define HAVE_STDINT_H 1
| #define HAVE_STDLIB_H 1
| #define HAVE_STRING_H 1
| #define HAVE_SYS_TIME_H 1
| #define HAVE_SYS_TIMEB_H 1
| #define HAVE_UNISTD_H 1
| #define HAVE_DECL__MM_MALLOC 1
| #define STDC_HEADERS 1
| #define HAVE__BOOL 1
| #define HAVE_STDBOOL_H 1
| #define TIME_WITH_SYS_TIME 1
| #define TIME_WITH_SYS_TIME 1
| #define HAVE_STDLIB_H 1
| #define HAVE_REALLOC 1
| #define RETSIGTYPE void
| #define HAVE_BZERO 1
| #define HAVE_FTIME 1
| #define HAVE_GETTIMEOFDAY 1
| #define HAVE_MEMSET 1
| /* end confdefs.h.  */
| /* Define sqrt to an innocuous variant, in case <limits.h> declares sqrt.
|    For example, HP-UX 11i <limits.h> declares gettimeofday.  */
| #define sqrt innocuous_sqrt
| 
| /* System header to define __stub macros and hopefully few prototypes,
|     which can conflict with char sqrt (); below.
|     Prefer <limits.h> to <assert.h> if __STDC__ is defined, since
|     <limits.h> exists even on freestanding compilers.  */
| 
| #ifdef __STDC__
| # include <limits.h>
| #else
| # include <assert.h>
| #endif
| 
| #undef sqrt
| 
| /* Override any GCC internal prototype to avoid an error.
|    Use char because int might match the return type of a GCC
|    builtin and then its argument prototype would still apply.  */
| #ifdef __cplusplus
| extern "C"
| #endif
| char sqrt ();
| /* The GNU C library defines this for functions which it implements
|     to always fail with ENOSYS.  Some functions are actually named
|     something starting with __ and the normal name is an alias.  */
| #if defined __stub_sqrt || defined __stub___sqrt
| choke me
| #endif
| 
| int
| main ()
| {
| return sqrt ();
|   ;
|   return 0;
| }
configure:5763: result: no
configure:5763: checking for strchr
configure:5763: gcc -o conftest -O2   -DNDEBUG -DUSE_SIMD   conftest.c  >&5
conftest.c:69:6: warning: conflicting types for built-in function 'strchr' [enabled by default]
configure:5763: $? = 0
configure:5763: result: yes
configure:5763: checking for strerror
configure:5763: gcc -o conftest -O2   -DNDEBUG -DUSE_SIMD   conftest.c  >&5
configure:5763: $? = 0
configure:5763: result: yes
configure:5763: checking for strtol
configure:5763: gcc -o conftest -O2   -DNDEBUG -DUSE_SIMD   conftest.c  >&5
configure:5763: $? = 0
configure:5763: result: yes
configure:5898: creating ./config.status

## ---------------------- ##
## Running config.status. ##
## ---------------------- ##

This file was extended by CRC-DabMod config.status 0.3.3, which was
generated by GNU Autoconf 2.65.  Invocation command line was

  CONFIG_FILES    = 
  CONFIG_HEADERS  = 
  CONFIG_LINKS    = 
  CONFIG_COMMANDS = 
  $ ./config.status 

on sdr-test

config.status:898: creating Makefile
config.status:898: creating lib/Makefile
config.status:898: creating src/Makefile
config.status:898: creating config.h
config.status:1118: executing depfiles commands

## ---------------- ##
## Cache variables. ##
## ---------------- ##

ac_cv_build=i686-pc-linux-gnu
ac_cv_c_compiler_gnu=yes
ac_cv_c_const=yes
ac_cv_c_inline=inline
ac_cv_c_uint16_t=yes
ac_cv_c_uint32_t=yes
ac_cv_c_uint8_t=yes
ac_cv_cxx_compiler_gnu=yes
ac_cv_env_CCC_set=
ac_cv_env_CCC_value=
ac_cv_env_CC_set=
ac_cv_env_CC_value=
ac_cv_env_CFLAGS_set=
ac_cv_env_CFLAGS_value=
ac_cv_env_CPPFLAGS_set=
ac_cv_env_CPPFLAGS_value=
ac_cv_env_CPP_set=
ac_cv_env_CPP_value=
ac_cv_env_CXXFLAGS_set=
ac_cv_env_CXXFLAGS_value=
ac_cv_env_CXX_set=
ac_cv_env_CXX_value=
ac_cv_env_LDFLAGS_set=
ac_cv_env_LDFLAGS_value=
ac_cv_env_LIBS_set=
ac_cv_env_LIBS_value=
ac_cv_env_build_alias_set=
ac_cv_env_build_alias_value=
ac_cv_env_host_alias_set=
ac_cv_env_host_alias_value=
ac_cv_env_target_alias_set=
ac_cv_env_target_alias_value=
ac_cv_func_bzero=yes
ac_cv_func_floor=no
ac_cv_func_ftime=yes
ac_cv_func_gettimeofday=yes
ac_cv_func_memcmp_working=yes
ac_cv_func_memset=yes
ac_cv_func_realloc_0_nonnull=yes
ac_cv_func_sqrt=no
ac_cv_func_strchr=yes
ac_cv_func_strerror=yes
ac_cv_func_strtol=yes
ac_cv_have_decl__mm_malloc=yes
ac_cv_header_fcntl_h=yes
ac_cv_header_inttypes_h=yes
ac_cv_header_limits_h=yes
ac_cv_header_malloc_h=yes
ac_cv_header_memory_h=yes
ac_cv_header_netinet_in_h=yes
ac_cv_header_stdbool_h=yes
ac_cv_header_stdc=yes
ac_cv_header_stdint_h=yes
ac_cv_header_stdlib_h=yes
ac_cv_header_string_h=yes
ac_cv_header_strings_h=yes
ac_cv_header_sys_stat_h=yes
ac_cv_header_sys_time_h=yes
ac_cv_header_sys_timeb_h=yes
ac_cv_header_sys_types_h=yes
ac_cv_header_time=yes
ac_cv_header_unistd_h=yes
ac_cv_host=i686-pc-linux-gnu
ac_cv_objext=o
ac_cv_path_EGREP='/bin/grep -E'
ac_cv_path_GREP=/bin/grep
ac_cv_path_install='/usr/bin/install -c'
ac_cv_path_mkdir=/bin/mkdir
ac_cv_prog_AWK=mawk
ac_cv_prog_CPP='gcc -E'
ac_cv_prog_ac_ct_CC=gcc
ac_cv_prog_ac_ct_CXX=g++
ac_cv_prog_cc_c89=
ac_cv_prog_cc_g=yes
ac_cv_prog_cc_gcc_c_o=yes
ac_cv_prog_cxx_g=yes
ac_cv_prog_make_make_set=yes
ac_cv_target=i686-pc-linux-gnu
ac_cv_type__Bool=yes
ac_cv_type_signal=void
ac_cv_type_size_t=yes
am_cv_CC_dependencies_compiler_type=gcc3
am_cv_CXX_dependencies_compiler_type=gcc3

## ----------------- ##
## Output variables. ##
## ----------------- ##

ACLOCAL='${SHELL} /home/mc/Soft/crc-dabmod-0.3.3/build-aux/missing --run aclocal-1.11'
AMDEPBACKSLASH='\'
AMDEP_FALSE='#'
AMDEP_TRUE=''
AMTAR='${SHELL} /home/mc/Soft/crc-dabmod-0.3.3/build-aux/missing --run tar'
AUTOCONF='${SHELL} /home/mc/Soft/crc-dabmod-0.3.3/build-aux/missing --run autoconf'
AUTOHEADER='${SHELL} /home/mc/Soft/crc-dabmod-0.3.3/build-aux/missing --run autoheader'
AUTOMAKE='${SHELL} /home/mc/Soft/crc-dabmod-0.3.3/build-aux/missing --run automake-1.11'
AWK='mawk'
CC='gcc'
CCDEPMODE='depmode=gcc3'
CFLAGS='-O2   -DNDEBUG -DUSE_SIMD'
CPP='gcc -E'
CPPFLAGS=''
CXX='g++'
CXXDEPMODE='depmode=gcc3'
CXXFLAGS='-O2   -DNDEBUG -DUSE_SIMD'
CYGPATH_W='echo'
DEFS='-DHAVE_CONFIG_H'
DEPDIR='.deps'
ECHO_C=''
ECHO_N='-n'
ECHO_T=''
EGREP='/bin/grep -E'
EXEEXT=''
GREP='/bin/grep'
INSTALL_DATA='${INSTALL} -m 644'
INSTALL_PROGRAM='${INSTALL}'
INSTALL_SCRIPT='${INSTALL}'
INSTALL_STRIP_PROGRAM='$(install_sh) -c -s'
LDFLAGS=''
LIBOBJS=''
LIBS=''
LTLIBOBJS=''
MAKEINFO='${SHELL} /home/mc/Soft/crc-dabmod-0.3.3/build-aux/missing --run makeinfo'
MKDIR_P='/bin/mkdir -p'
OBJEXT='o'
PACKAGE='crc-dabmod'
PACKAGE_BUGREPORT='pascal.charest@crc.ca'
PACKAGE_NAME='CRC-DabMod'
PACKAGE_STRING='CRC-DabMod 0.3.3'
PACKAGE_TARNAME='crc-dabmod'
PACKAGE_URL=''
PACKAGE_VERSION='0.3.3'
PATH_SEPARATOR=':'
SET_MAKE=''
SHELL='/bin/bash'
STRIP=''
VERSION='0.3.3'
ac_ct_CC='gcc'
ac_ct_CXX='g++'
am__EXEEXT_FALSE=''
am__EXEEXT_TRUE='#'
am__fastdepCC_FALSE='#'
am__fastdepCC_TRUE=''
am__fastdepCXX_FALSE='#'
am__fastdepCXX_TRUE=''
am__include='include'
am__isrc=''
am__leading_dot='.'
am__quote=''
am__tar='${AMTAR} chof - "$$tardir"'
am__untar='${AMTAR} xf -'
bindir='${exec_prefix}/bin'
build='i686-pc-linux-gnu'
build_alias=''
build_cpu='i686'
build_os='linux-gnu'
build_vendor='pc'
datadir='${datarootdir}'
datarootdir='${prefix}/share'
docdir='${datarootdir}/doc/${PACKAGE_TARNAME}'
dvidir='${docdir}'
exec_prefix='${prefix}'
host='i686-pc-linux-gnu'
host_alias=''
host_cpu='i686'
host_os='linux-gnu'
host_vendor='pc'
htmldir='${docdir}'
includedir='${prefix}/include'
infodir='${datarootdir}/info'
install_sh='${SHELL} /home/mc/Soft/crc-dabmod-0.3.3/build-aux/install-sh'
libdir='${exec_prefix}/lib'
libexecdir='${exec_prefix}/libexec'
localedir='${datarootdir}/locale'
localstatedir='${prefix}/var'
mandir='${datarootdir}/man'
mkdir_p='/bin/mkdir -p'
oldincludedir='/usr/include'
pdfdir='${docdir}'
prefix='/usr/local'
program_transform_name='s,x,x,'
psdir='${docdir}'
sbindir='${exec_prefix}/sbin'
sharedstatedir='${prefix}/com'
sysconfdir='${prefix}/etc'
target='i686-pc-linux-gnu'
target_alias=''
target_cpu='i686'
target_os='linux-gnu'
target_vendor='pc'

## ----------- ##
## confdefs.h. ##
## ----------- ##

/* confdefs.h */
#define PACKAGE_NAME "CRC-DabMod"
#define PACKAGE_TARNAME "crc-dabmod"
#define PACKAGE_VERSION "0.3.3"
#define PACKAGE_STRING "CRC-DabMod 0.3.3"
#define PACKAGE_BUGREPORT "pascal.charest@crc.ca"
#define PACKAGE_URL ""
#define PACKAGE "crc-dabmod"
#define VERSION "0.3.3"
#define __32BIT__ /**/
#define STDC_HEADERS 1
#define HAVE_SYS_TYPES_H 1
#define HAVE_SYS_STAT_H 1
#define HAVE_STDLIB_H 1
#define HAVE_STRING_H 1
#define HAVE_MEMORY_H 1
#define HAVE_STRINGS_H 1
#define HAVE_INTTYPES_H 1
#define HAVE_STDINT_H 1
#define HAVE_UNISTD_H 1
#define HAVE_FCNTL_H 1
#define HAVE_LIMITS_H 1
#define HAVE_MALLOC_H 1
#define HAVE_MEMORY_H 1
#define HAVE_NETINET_IN_H 1
#define HAVE_STDINT_H 1
#define HAVE_STDLIB_H 1
#define HAVE_STRING_H 1
#define HAVE_SYS_TIME_H 1
#define HAVE_SYS_TIMEB_H 1
#define HAVE_UNISTD_H 1
#define HAVE_DECL__MM_MALLOC 1
#define STDC_HEADERS 1
#define HAVE__BOOL 1
#define HAVE_STDBOOL_H 1
#define TIME_WITH_SYS_TIME 1
#define TIME_WITH_SYS_TIME 1
#define HAVE_STDLIB_H 1
#define HAVE_REALLOC 1
#define RETSIGTYPE void
#define HAVE_BZERO 1
#define HAVE_FTIME 1
#define HAVE_GETTIMEOFDAY 1
#define HAVE_MEMSET 1
#define HAVE_STRCHR 1
#define HAVE_STRERROR 1
#define HAVE_STRTOL 1

configure: exit 0
